<?xml version="1.0" encoding="utf-8"?>
<test-run id="2" name="Incapsulation.Failures.exe" fullname="E:/NOSU/Лекции/Практикум ПК 2 курс/Stepik C#/3.3/bin/Debug/Incapsulation.Failures.exe" testcasecount="3" result="Failed" start-time="2018-09-16 20:05:54Z" end-time="2018-09-16 20:05:54Z" duration="0.095392" total="3" passed="1" failed="2" inconclusive="0" skipped="0" asserts="3" random-seed="1545045461">
  <command-line><![CDATA["E:\NOSU\Лекции\Практикум ПК 2 курс\Stepik C#\3.3\bin\Debug\Incapsulation.Failures.exe"   ]]></command-line>
  <filter />
  <test-suite type="Assembly" id="1004" name="Incapsulation.Failures.exe" fullname="E:/NOSU/Лекции/Практикум ПК 2 курс/Stepik C#/3.3/bin/Debug/Incapsulation.Failures.exe" runstate="Runnable" testcasecount="3" result="Failed" site="Child" start-time="2018-09-16 20:05:54Z" end-time="2018-09-16 20:05:54Z" duration="0.095392" total="3" passed="1" failed="2" warnings="0" inconclusive="0" skipped="0" asserts="3">
    <environment framework-version="3.6.0.0" clr-version="4.0.30319.42000" os-version="Microsoft Windows NT 6.2.9200.0" platform="Win32NT" cwd="E:\NOSU\Лекции\Практикум ПК 2 курс\Stepik C#\3.3\bin\Debug" machine-name="DESKTOP-374OBVG" user="MD" user-domain="DESKTOP-374OBVG" culture="ru-RU" uiculture="ru-RU" os-architecture="x86" />
    <settings>
      <setting name="WorkDirectory" value="E:\NOSU\Лекции\Практикум ПК 2 курс\Stepik C#\3.3\bin\Debug" />
      <setting name="NumberOfTestWorkers" value="4" />
    </settings>
    <properties>
      <property name="_PID" value="10316" />
      <property name="_APPDOMAIN" value="Incapsulation.Failures.exe" />
    </properties>
    <failure>
      <message><![CDATA[One or more child tests had errors]]></message>
    </failure>
    <test-suite type="TestSuite" id="1005" name="Incapsulation" fullname="Incapsulation" runstate="Runnable" testcasecount="3" result="Failed" site="Child" start-time="2018-09-16 20:05:54Z" end-time="2018-09-16 20:05:54Z" duration="0.080958" total="3" passed="1" failed="2" warnings="0" inconclusive="0" skipped="0" asserts="3">
      <failure>
        <message><![CDATA[One or more child tests had errors]]></message>
      </failure>
      <test-suite type="TestSuite" id="1006" name="Failures" fullname="Incapsulation.Failures" runstate="Runnable" testcasecount="3" result="Failed" site="Child" start-time="2018-09-16 20:05:54Z" end-time="2018-09-16 20:05:54Z" duration="0.078640" total="3" passed="1" failed="2" warnings="0" inconclusive="0" skipped="0" asserts="3">
        <failure>
          <message><![CDATA[One or more child tests had errors]]></message>
        </failure>
        <test-suite type="TestFixture" id="1000" name="ReportMaker_Tests" fullname="Incapsulation.Failures.ReportMaker_Tests" classname="Incapsulation.Failures.ReportMaker_Tests" runstate="Runnable" testcasecount="3" result="Failed" site="Child" start-time="2018-09-16 20:05:54Z" end-time="2018-09-16 20:05:54Z" duration="0.074031" total="3" passed="1" failed="2" warnings="0" inconclusive="0" skipped="0" asserts="3">
          <failure>
            <message><![CDATA[One or more child tests had errors]]></message>
          </failure>
          <test-case id="1003" name="FilterManyDevices" fullname="Incapsulation.Failures.ReportMaker_Tests.FilterManyDevices" methodname="FilterManyDevices" classname="Incapsulation.Failures.ReportMaker_Tests" runstate="Runnable" seed="1637717259" result="Failed" start-time="2018-09-16 20:05:54Z" end-time="2018-09-16 20:05:54Z" duration="0.053583" asserts="1">
            <failure>
              <message><![CDATA[  Expected is <System.String[2]>, actual is <System.Collections.Generic.List`1[System.String]> with 3 elements
  Values differ at index [1]
  String lengths are both 8. Strings differ at index 7.
  Expected: "Device C"
  But was:  "Device A"
  ------------------^
]]></message>
              <stack-trace><![CDATA[в NUnit.Framework.CollectionAssert.AreEqual(IEnumerable expected, IEnumerable actual)
в Incapsulation.Failures.ReportMaker_Tests.FilterManyDevices() в E:\NOSU\Лекции\Практикум ПК 2 курс\Stepik C#\3.3\ReportMaker_Tests.cs:строка 118
]]></stack-trace>
            </failure>
            <assertions>
              <assertion result="Failed">
                <message><![CDATA[  Expected is <System.String[2]>, actual is <System.Collections.Generic.List`1[System.String]> with 3 elements
  Values differ at index [1]
  String lengths are both 8. Strings differ at index 7.
  Expected: "Device C"
  But was:  "Device A"
  ------------------^
]]></message>
                <stack-trace><![CDATA[в NUnit.Framework.CollectionAssert.AreEqual(IEnumerable expected, IEnumerable actual)
в Incapsulation.Failures.ReportMaker_Tests.FilterManyDevices() в E:\NOSU\Лекции\Практикум ПК 2 курс\Stepik C#\3.3\ReportMaker_Tests.cs:строка 118
]]></stack-trace>
              </assertion>
            </assertions>
          </test-case>
          <test-case id="1002" name="FilterSingleDevice" fullname="Incapsulation.Failures.ReportMaker_Tests.FilterSingleDevice" methodname="FilterSingleDevice" classname="Incapsulation.Failures.ReportMaker_Tests" runstate="Runnable" seed="1258329325" result="Failed" start-time="2018-09-16 20:05:54Z" end-time="2018-09-16 20:05:54Z" duration="0.002368" asserts="1">
            <failure>
              <message><![CDATA[  Expected is <System.String[1]>, actual is <System.Collections.Generic.List`1[System.String]> with 3 elements
  Values differ at index [1]
  Extra:    < "0", "0" >]]></message>
              <stack-trace><![CDATA[в NUnit.Framework.CollectionAssert.AreEqual(IEnumerable expected, IEnumerable actual)
в Incapsulation.Failures.ReportMaker_Tests.FilterSingleDevice() в E:\NOSU\Лекции\Практикум ПК 2 курс\Stepik C#\3.3\ReportMaker_Tests.cs:строка 74
]]></stack-trace>
            </failure>
            <assertions>
              <assertion result="Failed">
                <message><![CDATA[  Expected is <System.String[1]>, actual is <System.Collections.Generic.List`1[System.String]> with 3 elements
  Values differ at index [1]
  Extra:    < "0", "0" >]]></message>
                <stack-trace><![CDATA[в NUnit.Framework.CollectionAssert.AreEqual(IEnumerable expected, IEnumerable actual)
в Incapsulation.Failures.ReportMaker_Tests.FilterSingleDevice() в E:\NOSU\Лекции\Практикум ПК 2 курс\Stepik C#\3.3\ReportMaker_Tests.cs:строка 74
]]></stack-trace>
              </assertion>
            </assertions>
          </test-case>
          <test-case id="1001" name="NoDevices" fullname="Incapsulation.Failures.ReportMaker_Tests.NoDevices" methodname="NoDevices" classname="Incapsulation.Failures.ReportMaker_Tests" runstate="Runnable" seed="1149545480" result="Passed" start-time="2018-09-16 20:05:54Z" end-time="2018-09-16 20:05:54Z" duration="0.001754" asserts="1" />
        </test-suite>
      </test-suite>
    </test-suite>
  </test-suite>
</test-run>